Flutter crash report.
Please report a bug at https://github.com/flutter/flutter/issues.

## command

flutter run -d chrome

## exception

ExistingDartDevelopmentServiceException: DartDevelopmentServiceException: JSON-RPC error 100: Existing VM service clients prevent DDS from taking control.

```
```

## flutter doctor

```
[32m[✓][39m Flutter (Channel stable, 3.32.1, on Microsoft Windows [version 10.0.26100.4202], locale fr-FR) [716ms]
    [32m•[39m Flutter version 3.32.1 on channel stable at C:\flutter
    [32m•[39m Upstream repository https://github.com/flutter/flutter.git
    [32m•[39m Framework revision b25305a883 (4 days ago), 2025-05-29 10:40:06 -0700
    [32m•[39m Engine revision 1425e5e9ec
    [32m•[39m Dart version 3.8.1
    [32m•[39m DevTools version 2.45.1

[32m[✓][39m Windows Version (11 Professionnel 64-bit, 24H2, 2009) [5,0s]

[31m[✗][39m Android toolchain - develop for Android devices [358ms]
    [32m•[39m Android SDK at C:\Users\titima\AppData\Local\Android\sdk
    [31m✗[39m cmdline-tools component is missing.
      Try installing or updating Android Studio.
      Alternatively, download the tools from https://developer.android.com/studio#command-line-tools-only and
      make sure to set the ANDROID_HOME environment variable.
      See https://developer.android.com/studio/command-line for more details.

[32m[✓][39m Chrome - develop for the web [334ms]
    [32m•[39m Chrome at C:\Program Files\Google\Chrome\Application\chrome.exe

[31m[✗][39m Visual Studio - develop Windows apps [333ms]
    [31m✗[39m Visual Studio not installed; this is necessary to develop Windows apps.
      Download at https://visualstudio.microsoft.com/downloads/.
      Please install the "Desktop development with C++" workload, including all of its default components

[33m[!][39m Android Studio (not installed) [328ms]
    [32m•[39m Android Studio not found; download from https://developer.android.com/studio/index.html
      (or visit https://flutter.dev/to/windows-android-setup for detailed instructions).

[32m[✓][39m IntelliJ IDEA Ultimate Edition (version 2025.1) [328ms]
    [32m•[39m IntelliJ at C:\app\intillej
    [32m•[39m Flutter plugin version 85.3.2
    [32m•[39m Dart plugin version 251.25410.28

[32m[✓][39m VS Code (version 1.100.2) [9ms]
    [32m•[39m VS Code at C:\Users\titima\AppData\Local\Programs\Microsoft VS Code
    [32m•[39m Flutter extension version 3.112.0

[32m[✓][39m Connected device (3 available) [38ms]
    [32m•[39m Windows (desktop) • windows • windows-x64    • Microsoft Windows [version 10.0.26100.4202]
    [32m•[39m Chrome (web)      • chrome  • web-javascript • Google Chrome 136.0.7103.116
    [32m•[39m Edge (web)        • edge    • web-javascript • Microsoft Edge 137.0.3296.52

[32m[✓][39m Network resources [304ms]
    [32m•[39m All expected network resources are available.

[33m![39m Doctor found issues in 3 categories.
```
